<?xml version="1.0" encoding="UTF-8"?>
<testng-results skipped="0" failed="0" ignored="0" total="2" passed="2">
  <reporter-output>
  </reporter-output>
  <suite name="Functionaltestinsuite" duration-ms="9765" started-at="2024-08-16T12:04:23 EDT" finished-at="2024-08-16T12:04:33 EDT">
    <groups>
    </groups>
    <test name="Regressiontesting" duration-ms="9630" started-at="2024-08-16T12:04:23 EDT" finished-at="2024-08-16T12:04:33 EDT">
      <class name="Capstone.AutomationPractice8.Property">
        <test-method status="PASS" signature="Browsers(java.lang.String,java.lang.String)[pri:0, instance:Capstone.AutomationPractice8.Property@c46bcd4]" name="Browsers" is-config="true" duration-ms="2554" started-at="2024-08-16T12:04:23 EDT" finished-at="2024-08-16T12:04:26 EDT">
          <params>
            <param index="0">
              <value>
                <![CDATA[Chrome]]>
              </value>
            </param>
            <param index="1">
              <value>
                <![CDATA[https://www.facebook.com/]]>
              </value>
            </param>
          </params>
          <reporter-output>
          </reporter-output>
        </test-method> <!-- Browsers -->
        <test-method status="PASS" signature="f()[pri:0, instance:Capstone.AutomationPractice8.Property@c46bcd4]" name="f" duration-ms="72" started-at="2024-08-16T12:04:26 EDT" finished-at="2024-08-16T12:04:26 EDT">
          <reporter-output>
          </reporter-output>
        </test-method> <!-- f -->
        <test-method status="PASS" signature="afterMethod()[pri:0, instance:Capstone.AutomationPractice8.Property@c46bcd4]" name="afterMethod" is-config="true" duration-ms="6799" started-at="2024-08-16T12:04:26 EDT" finished-at="2024-08-16T12:04:33 EDT">
          <reporter-output>
          </reporter-output>
        </test-method> <!-- afterMethod -->
      </class> <!-- Capstone.AutomationPractice8.Property -->
    </test> <!-- Regressiontesting -->
    <test name="RegressiontestingEdge" duration-ms="9765" started-at="2024-08-16T12:04:23 EDT" finished-at="2024-08-16T12:04:33 EDT">
      <class name="Capstone.AutomationPractice8.Property">
        <test-method status="PASS" signature="Browsers(java.lang.String,java.lang.String)[pri:0, instance:Capstone.AutomationPractice8.Property@cb0ed20]" name="Browsers" is-config="true" duration-ms="2779" started-at="2024-08-16T12:04:23 EDT" finished-at="2024-08-16T12:04:26 EDT">
          <params>
            <param index="0">
              <value>
                <![CDATA[Edge]]>
              </value>
            </param>
            <param index="1">
              <value>
                <![CDATA[https://www.facebook.com/]]>
              </value>
            </param>
          </params>
          <reporter-output>
          </reporter-output>
        </test-method> <!-- Browsers -->
        <test-method status="PASS" signature="f()[pri:0, instance:Capstone.AutomationPractice8.Property@cb0ed20]" name="f" duration-ms="55" started-at="2024-08-16T12:04:26 EDT" finished-at="2024-08-16T12:04:26 EDT">
          <reporter-output>
          </reporter-output>
        </test-method> <!-- f -->
        <test-method status="PASS" signature="afterMethod()[pri:0, instance:Capstone.AutomationPractice8.Property@cb0ed20]" name="afterMethod" is-config="true" duration-ms="6807" started-at="2024-08-16T12:04:26 EDT" finished-at="2024-08-16T12:04:33 EDT">
          <reporter-output>
          </reporter-output>
        </test-method> <!-- afterMethod -->
      </class> <!-- Capstone.AutomationPractice8.Property -->
    </test> <!-- RegressiontestingEdge -->
  </suite> <!-- Functionaltestinsuite -->
</testng-results>
